<?xml version="1.0" encoding="UTF-8"?>
<!-- Generated by org.testng.reporters.JUnitReportReporter -->
<testsuite hostname="Praveenkumar" failures="0" tests="1" name="Demo.PracticeTestForPullRequestGitHub" time="0.046" errors="0" timestamp="2022-11-22T11:17:07 IST" skipped="0">
  <testcase classname="Demo.PracticeTestForPullRequestGitHub" name="pullRequest" time="0.046"/>
  <system-out/>
</testsuite> <!-- Demo.PracticeTestForPullRequestGitHub -->
